0 info it worked if it ends with ok
1 verbose cli [ 'C:\\Program Files\\nodejs\\node.exe',
1 verbose cli   'C:\\Program Files\\nodejs\\node_modules\\npm\\bin\\npm-cli.js',
1 verbose cli   'start' ]
2 info using npm@3.10.10
3 info using node@v6.11.3
4 verbose run-script [ 'prestart', 'start', 'poststart' ]
5 info lifecycle miapp@0.0.0~prestart: miapp@0.0.0
6 silly lifecycle miapp@0.0.0~prestart: no script for prestart, continuing
7 info lifecycle miapp@0.0.0~start: miapp@0.0.0
8 verbose lifecycle miapp@0.0.0~start: unsafe-perm in lifecycle true
9 verbose lifecycle miapp@0.0.0~start: PATH: C:\Program Files\nodejs\node_modules\npm\bin\node-gyp-bin;C:\Users\Villarreal\Dropbox\Especializacion Seguridad\SQL Injection Codes\miApp\node_modules\.bin;C:\Users\Villarreal\AppData\Roaming\npm;C:\Program Files\nodejs\;I:\app\Villarreal\product\11.2.0\dbhome_2\bin;I:\app\Villarreal\product\11.2.0\dbhome_1\bin;I:\app\Villarreal\product\12.2.0\dbhome_1\bin;I:\app\Villarreal\virtual\product\12.2.0\dbhome_1\bin;C:\ProgramData\Oracle\Java\javapath;C:\Windows\system32;C:\Windows;C:\Windows\System32\Wbem;C:\Windows\System32\WindowsPowerShell\v1.0\;C:\Program Files (x86)\ATI Technologies\ATI.ACE\Core-Static;C:\Program Files\MATLAB\R2014a\runtime\win64;C:\Program Files\MATLAB\R2014a\bin;C:\Program Files\MATLAB\R2014a\polyspace\bin;C:\Program Files (x86)\Lighting Analysts\Shared\EosDWG_2013;C:\Program Files (x86)\Lighting Analysts\Shared;C:\Program Files (x86)\Lighting Analysts\Shared\CPM;C:\Program Files (x86)\Smart Projects\IsoBuster;C:\Program Files\Git\cmd;C:\Program Files\nodejs\;C:\PROGRA~2\JMF21~1.1E\lib;C:\Program Files (x86)\Microsoft VS Code\bin;C:\Users\Villarreal\AppData\Roaming\npm
10 verbose lifecycle miapp@0.0.0~start: CWD: C:\Users\Villarreal\Dropbox\Especializacion Seguridad\SQL Injection Codes\miApp
11 silly lifecycle miapp@0.0.0~start: Args: [ '/d /s /c', 'node ./bin/www' ]
12 silly lifecycle miapp@0.0.0~start: Returned: code: 1  signal: null
13 info lifecycle miapp@0.0.0~start: Failed to exec start script
14 verbose stack Error: miapp@0.0.0 start: `node ./bin/www`
14 verbose stack Exit status 1
14 verbose stack     at EventEmitter.<anonymous> (C:\Program Files\nodejs\node_modules\npm\lib\utils\lifecycle.js:255:16)
14 verbose stack     at emitTwo (events.js:106:13)
14 verbose stack     at EventEmitter.emit (events.js:191:7)
14 verbose stack     at ChildProcess.<anonymous> (C:\Program Files\nodejs\node_modules\npm\lib\utils\spawn.js:40:14)
14 verbose stack     at emitTwo (events.js:106:13)
14 verbose stack     at ChildProcess.emit (events.js:191:7)
14 verbose stack     at maybeClose (internal/child_process.js:920:16)
14 verbose stack     at Process.ChildProcess._handle.onexit (internal/child_process.js:230:5)
15 verbose pkgid miapp@0.0.0
16 verbose cwd C:\Users\Villarreal\Dropbox\Especializacion Seguridad\SQL Injection Codes\miApp
17 error Windows_NT 6.1.7601
18 error argv "C:\\Program Files\\nodejs\\node.exe" "C:\\Program Files\\nodejs\\node_modules\\npm\\bin\\npm-cli.js" "start"
19 error node v6.11.3
20 error npm  v3.10.10
21 error code ELIFECYCLE
22 error miapp@0.0.0 start: `node ./bin/www`
22 error Exit status 1
23 error Failed at the miapp@0.0.0 start script 'node ./bin/www'.
23 error Make sure you have the latest version of node.js and npm installed.
23 error If you do, this is most likely a problem with the miapp package,
23 error not with npm itself.
23 error Tell the author that this fails on your system:
23 error     node ./bin/www
23 error You can get information on how to open an issue for this project with:
23 error     npm bugs miapp
23 error Or if that isn't available, you can get their info via:
23 error     npm owner ls miapp
23 error There is likely additional logging output above.
24 verbose exit [ 1, true ]
